{
  "RSpec": {
    "coverage": {
      "/Users/apprentice/Desktop/do-or-dont-but-do/config/environment.rb": [
        null,
        1,
        null,
        null,
        1
      ],
      "/Users/apprentice/Desktop/do-or-dont-but-do/config/application.rb": [
        1,
        null,
        null,
        1,
        1,
        1,
        1,
        1,
        null,
        null,
        1,
        null,
        1,
        null,
        null,
        null,
        null,
        1,
        1,
        null,
        null,
        null,
        null,
        null,
        null,
        null,
        null,
        null,
        null,
        null,
        null,
        null,
        null,
        null,
        null,
        null,
        null,
        null,
        null,
        null,
        null,
        null,
        1,
        null,
        null,
        1,
        null,
        null,
        1,
        null,
        null,
        null,
        null,
        null,
        null,
        null,
        null,
        null,
        null,
        1,
        null,
        null,
        1,
        null,
        null,
        1,
        1,
        null,
        null
      ],
      "/Users/apprentice/Desktop/do-or-dont-but-do/config/boot.rb": [
        1,
        null,
        null,
        1,
        null,
        1
      ],
      "/Users/apprentice/Desktop/do-or-dont-but-do/config/environments/test.rb": [
        1,
        null,
        null,
        null,
        null,
        null,
        null,
        1,
        null,
        null,
        1,
        1,
        null,
        null,
        1,
        null,
        null,
        1,
        1,
        null,
        null,
        1,
        null,
        null,
        1,
        null,
        null,
        null,
        null,
        1,
        null,
        null,
        1,
        null,
        null,
        1,
        null
      ],
      "/Users/apprentice/Desktop/do-or-dont-but-do/config/initializers/backtrace_silencers.rb": [
        null,
        null,
        null,
        null,
        null,
        null,
        null
      ],
      "/Users/apprentice/Desktop/do-or-dont-but-do/config/initializers/inflections.rb": [
        null,
        null,
        null,
        null,
        null,
        null,
        null,
        null,
        null,
        null,
        null,
        null,
        null,
        null,
        null
      ],
      "/Users/apprentice/Desktop/do-or-dont-but-do/config/initializers/mime_types.rb": [
        null,
        null,
        null,
        null,
        null
      ],
      "/Users/apprentice/Desktop/do-or-dont-but-do/config/initializers/secret_token.rb": [
        null,
        null,
        null,
        null,
        null,
        null,
        1
      ],
      "/Users/apprentice/Desktop/do-or-dont-but-do/config/initializers/session_store.rb": [
        null,
        null,
        1,
        null,
        null,
        null,
        null,
        null
      ],
      "/Users/apprentice/Desktop/do-or-dont-but-do/config/initializers/wrap_parameters.rb": [
        null,
        null,
        null,
        null,
        null,
        null,
        1,
        1,
        null,
        null,
        null,
        1,
        1,
        null
      ],
      "/Users/apprentice/Desktop/do-or-dont-but-do/app/controllers/application_controller.rb": [
        1,
        1,
        null
      ],
      "/Users/apprentice/Desktop/do-or-dont-but-do/app/helpers/application_helper.rb": [
        1,
        null
      ],
      "/Users/apprentice/Desktop/do-or-dont-but-do/app/controllers/categories_controller.rb": [
        1,
        1,
        0,
        0,
        0,
        0,
        0,
        0,
        0,
        null,
        null
      ],
      "/Users/apprentice/Desktop/do-or-dont-but-do/app/models/category.rb": [
        1,
        1,
        1,
        null
      ],
      "/Users/apprentice/Desktop/do-or-dont-but-do/app/controllers/dodonts_controller.rb": [
        1,
        null,
        1,
        2,
        2,
        null,
        null,
        null,
        null,
        2,
        0,
        0,
        null,
        2,
        2,
        null,
        null,
        null,
        1,
        0,
        0,
        0,
        0,
        null,
        null,
        1,
        null,
        1,
        null,
        null,
        1,
        1,
        null,
        null,
        1,
        2,
        2,
        2,
        null,
        2,
        0,
        null,
        2,
        2,
        2,
        null,
        null,
        null
      ],
      "/Users/apprentice/Desktop/do-or-dont-but-do/app/models/dodont.rb": [
        1,
        1,
        1,
        null,
        1,
        1,
        1,
        1,
        null,
        1,
        null,
        1,
        0,
        0,
        null,
        0,
        null,
        null,
        null,
        1,
        0,
        null,
        null,
        1,
        0,
        null,
        null,
        1,
        null,
        1,
        4,
        0,
        null,
        null,
        null,
        1,
        0,
        0,
        0,
        0,
        0,
        0,
        0,
        null,
        0,
        null,
        null,
        null,
        null
      ],
      "/Users/apprentice/Desktop/do-or-dont-but-do/app/controllers/signups_controller.rb": [
        1,
        1,
        0,
        null,
        null,
        1,
        0,
        0,
        0,
        null,
        null
      ],
      "/Users/apprentice/Desktop/do-or-dont-but-do/app/models/user.rb": [
        1,
        1,
        1,
        1,
        1,
        1,
        1,
        null,
        1,
        null,
        1,
        0,
        0,
        null,
        null,
        null
      ],
      "/Users/apprentice/Desktop/do-or-dont-but-do/app/models/vote.rb": [
        1,
        null,
        null
      ],
      "/Users/apprentice/Desktop/do-or-dont-but-do/config/routes.rb": [
        1,
        1,
        null,
        1,
        null,
        null,
        1,
        null,
        1,
        null,
        null,
        null
      ]
    },
    "timestamp": 1385184245
  }
}
