{
  "RSpec": {
    "coverage": {
      "/Users/apprentice/Desktop/do-or-dont-but-do/config/environment.rb": [
        null,
        1,
        null,
        null,
        1
      ],
      "/Users/apprentice/Desktop/do-or-dont-but-do/config/application.rb": [
        1,
        null,
        null,
        1,
        1,
        1,
        1,
        1,
        null,
        null,
        1,
        null,
        1,
        null,
        null,
        null,
        null,
        1,
        1,
        null,
        null,
        null,
        null,
        null,
        null,
        null,
        null,
        null,
        null,
        null,
        null,
        null,
        null,
        null,
        null,
        null,
        null,
        null,
        null,
        null,
        null,
        null,
        1,
        null,
        null,
        1,
        null,
        null,
        1,
        null,
        null,
        null,
        null,
        null,
        null,
        null,
        null,
        null,
        null,
        1,
        null,
        null,
        1,
        null,
        null,
        1,
        1,
        null,
        null
      ],
      "/Users/apprentice/Desktop/do-or-dont-but-do/config/boot.rb": [
        1,
        null,
        null,
        1,
        null,
        1
      ],
      "/Users/apprentice/Desktop/do-or-dont-but-do/config/environments/test.rb": [
        1,
        null,
        null,
        null,
        null,
        null,
        null,
        1,
        null,
        null,
        1,
        1,
        null,
        null,
        1,
        null,
        null,
        1,
        1,
        null,
        null,
        1,
        null,
        null,
        1,
        null,
        null,
        null,
        null,
        1,
        null,
        null,
        1,
        null,
        null,
        1,
        null
      ],
      "/Users/apprentice/Desktop/do-or-dont-but-do/config/initializers/backtrace_silencers.rb": [
        null,
        null,
        null,
        null,
        null,
        null,
        null
      ],
      "/Users/apprentice/Desktop/do-or-dont-but-do/config/initializers/inflections.rb": [
        null,
        null,
        null,
        null,
        null,
        null,
        null,
        null,
        null,
        null,
        null,
        null,
        null,
        null,
        null
      ],
      "/Users/apprentice/Desktop/do-or-dont-but-do/config/initializers/mime_types.rb": [
        null,
        null,
        null,
        null,
        null
      ],
      "/Users/apprentice/Desktop/do-or-dont-but-do/config/initializers/secret_token.rb": [
        null,
        null,
        null,
        null,
        null,
        null,
        1
      ],
      "/Users/apprentice/Desktop/do-or-dont-but-do/config/initializers/session_store.rb": [
        null,
        null,
        1,
        null,
        null,
        null,
        null,
        null
      ],
      "/Users/apprentice/Desktop/do-or-dont-but-do/config/initializers/wrap_parameters.rb": [
        null,
        null,
        null,
        null,
        null,
        null,
        1,
        1,
        null,
        null,
        null,
        1,
        1,
        null
      ],
      "/Users/apprentice/Desktop/do-or-dont-but-do/app/controllers/application_controller.rb": [
        1,
        1,
        null
      ],
      "/Users/apprentice/Desktop/do-or-dont-but-do/app/helpers/application_helper.rb": [
        1,
        null
      ],
      "/Users/apprentice/Desktop/do-or-dont-but-do/app/controllers/categories_controller.rb": [
        1,
        1,
        1,
        1,
        null,
        null
      ],
      "/Users/apprentice/Desktop/do-or-dont-but-do/app/models/category.rb": [
        1,
        1,
        1,
        null
      ],
      "/Users/apprentice/Desktop/do-or-dont-but-do/app/controllers/dodonts_controller.rb": [
        1,
        null,
        1,
        3,
        101,
        null,
        null,
        null,
        null,
        3,
        2,
        2,
        null,
        1,
        1,
        null,
        null,
        null,
        1,
        2,
        2,
        2,
        2,
        null,
        null,
        1,
        null,
        2,
        null,
        null,
        1,
        1,
        null,
        null,
        1,
        2,
        2,
        2,
        null,
        2,
        1,
        null,
        1,
        1,
        1,
        null,
        null,
        null
      ],
      "/Users/apprentice/Desktop/do-or-dont-but-do/app/models/dodont.rb": [
        1,
        1,
        1,
        1,
        1,
        null,
        1,
        2,
        1,
        null,
        1,
        null,
        null,
        null,
        1,
        1,
        null,
        null,
        1,
        1,
        null,
        null,
        1,
        null,
        1,
        14,
        1,
        null,
        null,
        null,
        1,
        9,
        9,
        1,
        8,
        2,
        2,
        1,
        null,
        2,
        null,
        null,
        null,
        null
      ],
      "/Users/apprentice/Desktop/do-or-dont-but-do/app/controllers/signups_controller.rb": [
        1,
        1,
        1,
        null,
        null,
        1,
        3,
        3,
        3,
        null,
        null
      ],
      "/Users/apprentice/Desktop/do-or-dont-but-do/app/models/user.rb": [
        1,
        1,
        1,
        1,
        1,
        null,
        1,
        null,
        1,
        17,
        3,
        null,
        null,
        null
      ],
      "/Users/apprentice/Desktop/do-or-dont-but-do/config/routes.rb": [
        1,
        1,
        null,
        1,
        null,
        null,
        1,
        null,
        1,
        null,
        null,
        null
      ],
      "/Users/apprentice/Desktop/do-or-dont-but-do/spec/controllers/dodonts_controller_spec.rb": [
        1,
        null,
        1,
        null,
        1,
        1,
        1,
        1,
        1,
        null,
        1,
        1,
        1,
        1,
        null,
        null,
        1,
        1,
        1,
        null,
        null,
        1,
        1,
        4,
        null,
        null,
        1,
        1,
        4,
        null,
        null,
        1,
        1,
        1,
        null,
        null,
        1,
        1,
        4,
        null,
        null,
        1,
        1,
        4,
        null,
        null,
        null,
        null,
        1,
        1,
        1,
        1,
        1,
        null,
        null,
        null,
        1,
        null,
        1,
        1,
        1,
        1,
        null,
        null,
        1,
        4,
        null,
        null,
        1,
        1,
        4,
        null,
        null,
        null
      ],
      "/Users/apprentice/Desktop/do-or-dont-but-do/spec/controllers/signups_controller_spec.rb": [
        1,
        null,
        1,
        1,
        1,
        1,
        null,
        null,
        null,
        null,
        null,
        1,
        1,
        null,
        4,
        null,
        null,
        1,
        1,
        null,
        4,
        null,
        null,
        1,
        1,
        null,
        4,
        null,
        null,
        null,
        null
      ],
      "/Users/apprentice/Desktop/do-or-dont-but-do/spec/features/user_spec.rb": [
        1,
        null,
        1,
        1,
        1,
        1,
        1,
        1,
        null,
        1,
        1,
        1,
        1,
        1,
        1,
        null,
        null,
        null,
        null,
        null,
        null,
        null,
        null,
        null,
        null,
        null,
        null,
        null,
        null,
        null
      ],
      "/Users/apprentice/Desktop/do-or-dont-but-do/spec/models/dodont_spec.rb": [
        1,
        null,
        1,
        1,
        1,
        1,
        1,
        1,
        1,
        1,
        1,
        1,
        1,
        null,
        null,
        2,
        null,
        1,
        1,
        1,
        1,
        1,
        1,
        1,
        1,
        1,
        1,
        null,
        null,
        1,
        1,
        1,
        1,
        1,
        1,
        1,
        1,
        1,
        1,
        null,
        null,
        1,
        1,
        1,
        1,
        1,
        1,
        1,
        1,
        1,
        1,
        null,
        null,
        1,
        1,
        1,
        1,
        1,
        1,
        1,
        1,
        1,
        1,
        null,
        null,
        null,
        null
      ],
      "/Users/apprentice/Desktop/do-or-dont-but-do/spec/models/user_spec.rb": [
        1,
        null,
        1,
        1,
        10,
        10,
        10,
        10,
        null,
        null,
        1,
        1,
        1,
        null,
        null,
        null,
        1,
        1,
        3,
        null,
        null,
        1,
        4,
        null,
        null,
        1,
        1,
        1,
        1,
        2,
        null,
        null,
        1,
        1,
        null,
        null,
        null,
        null,
        1,
        1,
        1,
        1,
        1,
        null,
        null,
        null,
        1,
        1,
        1,
        1,
        null,
        null,
        null,
        1,
        1,
        1,
        1,
        1,
        null,
        null,
        null,
        1,
        1,
        1,
        1,
        1,
        1,
        1,
        1,
        null,
        null,
        1,
        1,
        1,
        1,
        null,
        null,
        null,
        1,
        1,
        1,
        1,
        null,
        null,
        null,
        null,
        null,
        null,
        null
      ]
    },
    "timestamp": 1385160013
  }
}
